<?xml version="1.0" encoding="UTF-8"?>
<!-- Generated by org.testng.reporters.JUnitReportReporter -->
<testsuite hostname="ATMECSINDT-045" name="com.citrix.g2w.webdriver.tests.managewebinar.ScheduleSimilarWebnarPageWebdriverTest" tests="1" failures="0" timestamp="25 Mar 2015 07:34:25 GMT" time="234.408" errors="0">
  <testcase name="verifyThatMyWebnarpageShowsNewlyCopiedWebnar" time="234.408" classname="com.citrix.g2w.webdriver.tests.managewebinar.ScheduleSimilarWebnarPageWebdriverTest"/>
</testsuite> <!-- com.citrix.g2w.webdriver.tests.managewebinar.ScheduleSimilarWebnarPageWebdriverTest -->
