<?xml version="1.0" encoding="UTF-8"?>
<!-- Generated by org.testng.reporters.JUnitReportReporter -->
<testsuite hostname="ATMECSINDT-045" name="com.citrix.g2w.webdriver.tests.attendee.emails.RegistrationConfirmationEmailWebDriverTests" tests="1" failures="0" timestamp="23 Mar 2015 10:31:44 GMT" time="198.329" errors="0">
  <testcase name="verifyAttendeeHasOptionToCancelRegistrationByClickingOnCancelLink" time="198.329" classname="com.citrix.g2w.webdriver.tests.attendee.emails.RegistrationConfirmationEmailWebDriverTests"/>
</testsuite> <!-- com.citrix.g2w.webdriver.tests.attendee.emails.RegistrationConfirmationEmailWebDriverTests -->
