<?xml version="1.0" encoding="UTF-8"?>
<!-- Generated by org.testng.reporters.JUnitReportReporter -->
<testsuite hostname="ATMECSINDT-045" name="com.citrix.g2w.webdriver.tests.attendee.registration.WebinarNotAvailablePageTests" tests="1" failures="0" timestamp="23 Mar 2015 13:02:26 GMT" time="195.359" errors="0">
  <testcase name="webinarNotAvailablePageWhenRegisteringForCancelledWebinar" time="195.359" classname="com.citrix.g2w.webdriver.tests.attendee.registration.WebinarNotAvailablePageTests"/>
</testsuite> <!-- com.citrix.g2w.webdriver.tests.attendee.registration.WebinarNotAvailablePageTests -->
